2023-03-29 11:57:03,222 : [INFO] : start program
2023-03-29 11:57:03,222 : [INFO] : start program
2023-03-29 11:59:33,669 : [INFO] : Бот запущен
2023-03-29 11:59:43,815 : [INFO] : Распознано сообщение от  KrivyakinM. Текст: тестовое сообщение
2023-03-29 12:00:09,721 : [INFO] : Бот запущен
2023-03-29 12:00:15,364 : [INFO] : отправлено информационное сообщение в чат: 871812811 инициатор: KrivyakinM
2023-03-30 09:40:46,129 : [INFO] : Бот запущен
2023-03-30 09:41:06,754 : [INFO] : Бот запущен
2023-03-30 09:41:27,254 : [INFO] : Бот запущен
2023-03-30 09:41:47,752 : [INFO] : Бот запущен
2023-03-30 09:42:08,243 : [INFO] : Бот запущен
2023-03-30 09:42:28,751 : [INFO] : Бот запущен
2023-03-30 09:42:49,257 : [INFO] : Бот запущен
2023-03-30 09:43:09,765 : [INFO] : Бот запущен
2023-03-30 09:43:30,249 : [INFO] : Бот запущен
2023-03-30 09:43:50,751 : [INFO] : Бот запущен
2023-03-30 09:44:11,250 : [INFO] : Бот запущен
2023-03-30 09:44:31,758 : [INFO] : Бот запущен
2023-03-30 09:44:52,253 : [INFO] : Бот запущен
2023-03-30 09:45:12,758 : [INFO] : Бот запущен
2023-03-30 09:45:33,247 : [INFO] : Бот запущен
2023-03-30 09:45:40,999 : [INFO] : Бот запущен
2023-03-30 09:45:41,516 : [INFO] : Бот запущен
2023-03-30 09:45:42,003 : [INFO] : Бот запущен
2023-03-30 09:45:42,500 : [INFO] : Бот запущен
2023-03-31 11:25:12,397 : [INFO] : Бот запущен
2023-03-31 11:25:17,215 : [INFO] : Распознано сообщение от  Maks_s_73. Текст: здорово зайва
2023-03-31 11:25:17,299 : [INFO] : отправлено информационное сообщение в чат: 871812811 инициатор: KrivyakinM
2023-03-31 11:25:17,376 : [INFO] : отправлено информационное сообщение в чат: 871812811 инициатор: KrivyakinM
2023-03-31 11:25:17,710 : [INFO] : Распознано сообщение от  Ssandra_1960. Текст: здорово зайва
2023-03-31 11:28:55,079 : [INFO] : Распознано сообщение от  taska_er. Текст: идите работайте все заебали
2023-03-31 12:40:53,140 : [INFO] : Бот запущен
2023-03-31 12:41:12,837 : [INFO] : отправлено информационное сообщение в чат: 871812811 инициатор: KrivyakinM
2023-03-31 12:41:47,768 : [INFO] : Бот запущен
2023-03-31 12:42:39,974 : [INFO] : Бот запущен
2023-03-31 12:43:16,584 : [INFO] : Бот запущен
2023-03-31 12:43:54,954 : [INFO] : Бот запущен
2023-03-31 12:44:45,785 : [INFO] : Бот запущен
2023-03-31 12:44:50,389 : [INFO] : Запрос о статусе сервера. Отправитель: KrivyakinM
2023-03-31 12:44:50,389 : [INFO] : Проверка на авторизацию пройдена
2023-03-31 12:44:52,624 : [INFO] : Сообщение от сервера: running
2023-03-31 12:45:14,238 : [INFO] : Бот запущен
2023-03-31 16:41:09,918 : [INFO] : Бот запущен
2023-03-31 17:02:55,326 : [INFO] : Бот запущен
2023-04-01 05:57:42,607 : [INFO] : Бот запущен
2023-04-01 05:57:58,253 : [INFO] : Бот запущен
2023-04-01 05:58:13,770 : [INFO] : Бот запущен
2023-04-01 05:58:44,261 : [INFO] : Бот запущен
2023-04-01 05:59:09,762 : [INFO] : Бот запущен
2023-04-01 05:59:30,267 : [INFO] : Бот запущен
2023-04-01 05:59:50,747 : [INFO] : Бот запущен
2023-04-01 06:00:11,256 : [INFO] : Бот запущен
2023-04-01 06:00:31,752 : [INFO] : Бот запущен
2023-04-01 06:00:52,258 : [INFO] : Бот запущен
2023-04-01 06:01:12,758 : [INFO] : Бот запущен
2023-04-01 06:01:33,248 : [INFO] : Бот запущен
2023-04-01 06:01:53,748 : [INFO] : Бот запущен
2023-04-01 06:02:14,266 : [INFO] : Бот запущен
2023-04-01 06:02:34,766 : [INFO] : Бот запущен
2023-04-01 06:02:55,244 : [INFO] : Бот запущен
2023-04-01 06:03:15,748 : [INFO] : Бот запущен
2023-04-01 06:03:36,248 : [INFO] : Бот запущен
2023-04-01 06:03:56,747 : [INFO] : Бот запущен
2023-04-01 06:04:17,250 : [INFO] : Бот запущен
2023-04-01 06:04:37,747 : [INFO] : Бот запущен
2023-04-01 06:04:58,264 : [INFO] : Бот запущен
2023-04-01 06:05:18,759 : [INFO] : Бот запущен
2023-04-01 06:05:39,246 : [INFO] : Бот запущен
2023-04-01 06:05:59,748 : [INFO] : Бот запущен
2023-04-01 06:06:20,253 : [INFO] : Бот запущен
2023-04-01 06:06:40,752 : [INFO] : Бот запущен
2023-04-01 06:07:01,271 : [INFO] : Бот запущен
2023-04-01 06:07:21,756 : [INFO] : Бот запущен
2023-04-01 06:07:42,247 : [INFO] : Бот запущен
2023-04-01 06:08:02,750 : [INFO] : Бот запущен
2023-04-01 06:08:23,246 : [INFO] : Бот запущен
2023-04-01 06:08:43,756 : [INFO] : Бот запущен
2023-04-01 06:09:04,258 : [INFO] : Бот запущен
2023-04-01 06:09:24,756 : [INFO] : Бот запущен
2023-04-01 06:09:45,256 : [INFO] : Бот запущен
2023-04-01 06:10:05,746 : [INFO] : Бот запущен
2023-04-01 06:10:26,256 : [INFO] : Бот запущен
2023-04-01 06:10:46,758 : [INFO] : Бот запущен
2023-04-01 06:11:07,247 : [INFO] : Бот запущен
2023-04-01 06:11:27,758 : [INFO] : Бот запущен
2023-04-01 06:11:48,253 : [INFO] : Бот запущен
2023-04-01 06:12:08,756 : [INFO] : Бот запущен
2023-04-01 06:12:29,247 : [INFO] : Бот запущен
2023-04-01 06:12:49,752 : [INFO] : Бот запущен
2023-04-01 06:13:10,262 : [INFO] : Бот запущен
2023-04-01 06:13:30,748 : [INFO] : Бот запущен
2023-04-01 06:13:51,251 : [INFO] : Бот запущен
2023-04-01 06:14:11,750 : [INFO] : Бот запущен
2023-04-01 06:14:32,266 : [INFO] : Бот запущен
2023-04-01 06:14:52,745 : [INFO] : Бот запущен
2023-04-01 06:15:13,254 : [INFO] : Бот запущен
2023-04-01 06:15:33,748 : [INFO] : Бот запущен
2023-04-01 06:15:54,258 : [INFO] : Бот запущен
2023-04-01 06:16:14,754 : [INFO] : Бот запущен
2023-04-01 06:16:35,256 : [INFO] : Бот запущен
2023-04-01 06:16:55,751 : [INFO] : Бот запущен
2023-04-01 06:17:16,295 : [INFO] : Бот запущен
2023-04-01 06:17:36,750 : [INFO] : Бот запущен
2023-04-01 06:17:57,247 : [INFO] : Бот запущен
2023-04-01 06:18:17,750 : [INFO] : Бот запущен
2023-04-01 06:18:38,264 : [INFO] : Бот запущен
2023-04-01 08:29:43,101 : [INFO] : Бот запущен
2023-04-01 14:21:22,263 : [INFO] : Бот запущен
2023-04-01 14:21:42,758 : [INFO] : Бот запущен
2023-04-01 14:22:03,260 : [INFO] : Бот запущен
2023-04-01 14:22:23,752 : [INFO] : Бот запущен
2023-04-01 14:22:44,252 : [INFO] : Бот запущен
2023-04-01 14:23:04,752 : [INFO] : Бот запущен
2023-04-01 14:23:25,252 : [INFO] : Бот запущен
2023-04-01 14:23:30,001 : [INFO] : Бот запущен
2023-04-01 14:23:30,501 : [INFO] : Бот запущен
2023-04-01 14:23:31,002 : [INFO] : Бот запущен
2023-04-01 14:23:31,502 : [INFO] : Бот запущен
2023-04-03 18:00:52,798 : [INFO] : Бот запущен
2023-04-03 18:00:53,848 : [INFO] : отправлено информационное сообщение в чат: 871812811 инициатор: KrivyakinM
2023-04-04 05:00:43,278 : [INFO] : Бот запущен
2023-04-04 05:01:00,260 : [INFO] : Бот запущен
2023-04-04 05:01:16,499 : [INFO] : Бот запущен
2023-04-04 05:01:34,508 : [INFO] : Бот запущен
2023-04-04 05:01:50,512 : [INFO] : Бот запущен
2023-04-04 05:02:06,754 : [INFO] : Бот запущен
2023-04-04 05:02:22,772 : [INFO] : Бот запущен
2023-04-04 05:02:39,006 : [INFO] : Бот запущен
2023-04-04 05:02:54,996 : [INFO] : Бот запущен
2023-04-04 05:03:11,000 : [INFO] : Бот запущен
2023-04-04 05:03:31,522 : [INFO] : Бот запущен
2023-04-04 05:03:47,250 : [INFO] : Бот запущен
2023-04-04 05:04:03,519 : [INFO] : Бот запущен
2023-04-04 05:04:19,756 : [INFO] : Бот запущен
2023-04-04 05:04:35,762 : [INFO] : Бот запущен
2023-04-04 05:04:51,768 : [INFO] : Бот запущен
2023-04-04 05:05:09,758 : [INFO] : Бот запущен
2023-04-04 05:05:26,006 : [INFO] : Бот запущен
2023-04-04 05:05:41,997 : [INFO] : Бот запущен
2023-04-04 05:05:58,005 : [INFO] : Бот запущен
2023-04-04 05:06:14,009 : [INFO] : Бот запущен
2023-04-04 05:06:30,253 : [INFO] : Бот запущен
2023-04-04 05:06:46,263 : [INFO] : Бот запущен
2023-04-04 05:07:02,514 : [INFO] : Бот запущен
2023-04-04 05:07:18,539 : [INFO] : Бот запущен
2023-04-04 05:07:34,758 : [INFO] : Бот запущен
2023-04-04 06:44:31,398 : [INFO] : Бот запущен
2023-04-04 06:44:51,252 : [INFO] : Бот запущен
2023-04-04 06:45:09,257 : [INFO] : Бот запущен
2023-04-04 06:45:25,502 : [INFO] : Бот запущен
2023-04-04 06:45:41,505 : [INFO] : Бот запущен
2023-04-04 06:45:57,761 : [INFO] : Бот запущен
2023-04-04 06:46:13,759 : [INFO] : Бот запущен
2023-04-04 06:46:29,756 : [INFO] : Бот запущен
2023-04-04 06:46:45,755 : [INFO] : Бот запущен
2023-04-04 06:47:01,753 : [INFO] : Бот запущен
2023-04-04 06:47:18,006 : [INFO] : Бот запущен
2023-04-04 06:47:34,009 : [INFO] : Бот запущен
2023-04-04 06:47:49,999 : [INFO] : Бот запущен
2023-04-04 06:48:06,259 : [INFO] : Бот запущен
2023-04-04 06:48:22,255 : [INFO] : Бот запущен
2023-04-04 06:48:38,511 : [INFO] : Бот запущен
2023-04-04 06:48:54,505 : [INFO] : Бот запущен
2023-04-04 06:49:10,760 : [INFO] : Бот запущен
2023-04-04 06:49:27,004 : [INFO] : Бот запущен
2023-04-04 06:49:43,004 : [INFO] : Бот запущен
2023-04-04 06:49:59,000 : [INFO] : Бот запущен
2023-04-04 06:50:15,259 : [INFO] : Бот запущен
2023-04-04 06:50:31,256 : [INFO] : Бот запущен
2023-04-04 06:50:47,514 : [INFO] : Бот запущен
2023-04-04 06:51:03,505 : [INFO] : Бот запущен
2023-04-04 06:51:19,751 : [INFO] : Бот запущен
2023-04-04 06:51:36,009 : [INFO] : Бот запущен
2023-04-04 06:51:52,011 : [INFO] : Бот запущен
2023-04-04 06:52:08,005 : [INFO] : Бот запущен
2023-04-04 06:52:24,011 : [INFO] : Бот запущен
2023-04-04 06:52:40,256 : [INFO] : Бот запущен
2023-04-04 06:52:56,251 : [INFO] : Бот запущен
2023-04-04 06:53:12,510 : [INFO] : Бот запущен
2023-04-04 06:53:28,758 : [INFO] : Бот запущен
2023-04-04 06:53:45,002 : [INFO] : Бот запущен
2023-04-04 06:54:01,012 : [INFO] : Бот запущен
2023-04-04 06:54:17,000 : [INFO] : Бот запущен
2023-04-04 06:54:31,259 : [INFO] : Бот запущен
2023-04-04 06:54:47,249 : [INFO] : Бот запущен
2023-04-04 06:55:05,516 : [INFO] : Бот запущен
2023-04-04 06:55:21,507 : [INFO] : Бот запущен
2023-04-04 06:55:37,754 : [INFO] : Бот запущен
2023-04-04 06:55:54,013 : [INFO] : Бот запущен
2023-04-04 06:56:10,002 : [INFO] : Бот запущен
2023-04-04 06:56:26,007 : [INFO] : Бот запущен
2023-04-04 06:56:40,262 : [INFO] : Бот запущен
2023-04-04 06:56:58,264 : [INFO] : Бот запущен
2023-04-04 06:57:14,515 : [INFO] : Бот запущен
2023-04-04 06:57:28,762 : [INFO] : Бот запущен
2023-04-04 06:57:44,757 : [INFO] : Бот запущен
2023-04-04 06:58:03,006 : [INFO] : Бот запущен
2023-04-04 06:58:19,006 : [INFO] : Бот запущен
2023-04-04 06:58:35,005 : [INFO] : Бот запущен
2023-04-04 06:58:51,253 : [INFO] : Бот запущен
2023-04-04 06:59:07,258 : [INFO] : Бот запущен
2023-04-04 06:59:23,251 : [INFO] : Бот запущен
2023-04-04 06:59:37,507 : [INFO] : Бот запущен
2023-04-04 06:59:53,501 : [INFO] : Бот запущен
2023-04-04 07:00:09,752 : [INFO] : Бот запущен
2023-04-04 07:00:26,015 : [INFO] : Бот запущен
2023-04-04 07:00:44,009 : [INFO] : Бот запущен
2023-04-04 07:01:00,000 : [INFO] : Бот запущен
2023-04-04 07:01:16,003 : [INFO] : Бот запущен
2023-04-04 07:01:32,259 : [INFO] : Бот запущен
2023-04-04 07:01:48,253 : [INFO] : Бот запущен
2023-04-04 07:02:04,503 : [INFO] : Бот запущен
2023-04-04 07:02:25,001 : [INFO] : Бот запущен
2023-04-04 07:02:42,006 : [INFO] : Бот запущен
2023-04-04 11:42:03,403 : [INFO] : отправлено информационное сообщение в чат: 871812811 инициатор: KrivyakinM
2023-04-04 11:42:06,576 : [INFO] : Запрос о статусе сервера. Отправитель: KrivyakinM
2023-04-04 11:42:06,576 : [INFO] : Проверка на авторизацию пройдена
2023-04-04 11:42:07,328 : [INFO] : Сообщение от сервера: running
2023-04-04 11:42:15,291 : [INFO] : Проверка на авторизацию пройдена
2023-04-06 15:22:04,690 : [INFO] : Бот запущен
2023-04-06 22:13:21,323 : [INFO] : Бот запущен
2023-04-07 10:05:34,318 : [INFO] : отправлено информационное сообщение в чат: 871812811 инициатор: KrivyakinM
2023-04-07 12:38:58,714 : [INFO] : Бот запущен
2023-04-07 20:01:56,515 : [INFO] : Распознано сообщение от  Maks_s_73. Текст: а что за подстава такая зашли мы в магнит уже все взяли я думаю пойду возьму попить оставил ире собак хожу хожу слышу она там что то ржет что то какая то суета и смотрю саймон сам с собой гуляет без ошейника без них у я нахера не у ошейников три раза шире шеи был
2023-04-07 20:02:00,882 : [INFO] : Распознано сообщение от  Maks_s_73. Текст: он не он не расстегнулся ничего он был застегнут и просто взял слетел к хуям с кукушки с ивом
2023-04-07 20:11:33,707 : [INFO] : Распознано сообщение от  Maks_s_73. Текст: ребята спасибо ира хотела две собаки все теперь не хочет
2023-04-08 06:26:16,527 : [INFO] : Распознано сообщение от  Maks_s_73. Текст: ребят спасибо когда бы мы еще сыры пол седьмого гулять погуляли утра саймонсет уселся
2023-04-08 09:48:35,791 : [INFO] : Распознано сообщение от  Maks_s_73. Текст: а еще я боюсь что у нас соседи кончат к хям потому что аксель лает педармот заибал сейчас отпишу б что замолчал
2023-04-08 20:49:11,617 : [INFO] : Распознано сообщение от  Maks_s_73. Текст: ага бред расскажи мне н блин сейчас гуляли он две собаки чуть не сгрыз к уям не конфликтную антифак конечно
2023-04-08 20:51:32,323 : [INFO] : Распознано сообщение от  Maks_s_73. Текст: и лишнее время не тратить на кнопочки ради тебя жарко
2023-04-08 20:51:43,845 : [INFO] : Распознано сообщение от  Maks_s_73. Текст: ради тебя жарко да точно жарко блин
2023-04-10 02:36:43,886 : [INFO] : Бот запущен
2023-04-10 02:37:04,523 : [INFO] : Бот запущен
2023-04-10 02:37:25,013 : [INFO] : Бот запущен
